<?xml version="1.0" encoding="UTF-8"?>
<!-- Generated by org.testng.reporters.JUnitXMLReporter -->
<testsuite ignored="1" hostname="DESKTOP-OMN848M" failures="0" tests="1" name="Test" time="51.128" errors="0" timestamp="2022-06-13T22:16:28 EDT">
  <testcase classname="com.archa.amazon.testclasses.AmazonTest" name="testCase" time="41.264"/>
  <testcase classname="com.archa.amazon.resources.BaseClass" name="@BeforeSuite setupSuite" time="0.0">
    <ignored/>
  </testcase> <!-- @BeforeSuite setupSuite -->
</testsuite> <!-- Test -->
