<?xml version="1.0" encoding="UTF-8"?>
<testng-results ignored="1" total="2" passed="1" failed="0" skipped="0">
  <reporter-output>
  </reporter-output>
  <suite started-at="2022-06-13T22:15:37 EDT" name="Suite" finished-at="2022-06-13T22:16:28 EDT" duration-ms="51128">
    <groups>
    </groups>
    <test started-at="2022-06-13T22:15:37 EDT" name="Test" finished-at="2022-06-13T22:16:28 EDT" duration-ms="51128">
      <class name="com.archa.amazon.testclasses.AmazonTest">
        <test-method is-config="true" signature="setupSuite()[pri:0, instance:com.archa.amazon.testclasses.AmazonTest@43b9fd5]" started-at="2022-06-13T22:15:36 EDT" name="setupSuite" finished-at="2022-06-13T22:15:37 EDT" duration-ms="821" status="PASS">
          <reporter-output>
          </reporter-output>
        </test-method> <!-- setupSuite -->
        <test-method is-config="true" signature="setup()[pri:0, instance:com.archa.amazon.testclasses.AmazonTest@43b9fd5]" started-at="2022-06-13T22:15:37 EDT" name="setup" finished-at="2022-06-13T22:15:44 EDT" duration-ms="7784" status="PASS">
          <reporter-output>
          </reporter-output>
        </test-method> <!-- setup -->
        <test-method signature="testCase()[pri:0, instance:com.archa.amazon.testclasses.AmazonTest@43b9fd5]" started-at="2022-06-13T22:15:44 EDT" name="testCase" finished-at="2022-06-13T22:16:26 EDT" duration-ms="41264" status="PASS">
          <reporter-output>
          </reporter-output>
        </test-method> <!-- testCase -->
        <test-method is-config="true" signature="tearDownMethod(org.testng.ITestResult)[pri:0, instance:com.archa.amazon.testclasses.AmazonTest@43b9fd5]" started-at="2022-06-13T22:16:26 EDT" name="tearDownMethod" finished-at="2022-06-13T22:16:27 EDT" duration-ms="1254" status="PASS">
          <params>
            <param index="0">
              <value>
                <![CDATA[[TestResult name=testCase status=SUCCESS method=AmazonTest.testCase()[pri:0, instance:com.archa.amazon.testclasses.AmazonTest@43b9fd5] output={null}]]]>
              </value>
            </param>
          </params>
          <reporter-output>
          </reporter-output>
        </test-method> <!-- tearDownMethod -->
        <test-method is-config="true" signature="tearDown()[pri:0, instance:com.archa.amazon.testclasses.AmazonTest@43b9fd5]" started-at="2022-06-13T22:16:27 EDT" name="tearDown" finished-at="2022-06-13T22:16:28 EDT" duration-ms="745" status="PASS">
          <reporter-output>
          </reporter-output>
        </test-method> <!-- tearDown -->
      </class> <!-- com.archa.amazon.testclasses.AmazonTest -->
    </test> <!-- Test -->
  </suite> <!-- Suite -->
</testng-results>
