<?xml version="1.0" encoding="UTF-8"?>
<testng-results ignored="0" total="1" passed="1" failed="0" skipped="0">
  <reporter-output>
  </reporter-output>
  <suite started-at="2022-06-13T23:35:56 EDT" name="Default suite" finished-at="2022-06-13T23:36:41 EDT" duration-ms="45510">
    <groups>
    </groups>
    <test started-at="2022-06-13T23:35:56 EDT" name="Default test" finished-at="2022-06-13T23:36:41 EDT" duration-ms="45510">
      <class name="com.archa.amazon.testclasses.AmazonTest">
        <test-method is-config="true" signature="setupSuite()[pri:0, instance:com.archa.amazon.testclasses.AmazonTest@2bb3058]" started-at="2022-06-13T23:35:55 EDT" name="setupSuite" finished-at="2022-06-13T23:35:56 EDT" duration-ms="578" status="PASS">
          <reporter-output>
          </reporter-output>
        </test-method> <!-- setupSuite -->
        <test-method is-config="true" signature="setup()[pri:0, instance:com.archa.amazon.testclasses.AmazonTest@2bb3058]" started-at="2022-06-13T23:35:56 EDT" name="setup" finished-at="2022-06-13T23:36:03 EDT" duration-ms="7672" status="PASS">
          <reporter-output>
          </reporter-output>
        </test-method> <!-- setup -->
        <test-method signature="testCase()[pri:0, instance:com.archa.amazon.testclasses.AmazonTest@2bb3058]" started-at="2022-06-13T23:36:04 EDT" name="testCase" finished-at="2022-06-13T23:36:40 EDT" duration-ms="36266" status="PASS">
          <reporter-output>
          </reporter-output>
        </test-method> <!-- testCase -->
        <test-method is-config="true" signature="tearDownMethod(org.testng.ITestResult)[pri:0, instance:com.archa.amazon.testclasses.AmazonTest@2bb3058]" started-at="2022-06-13T23:36:40 EDT" name="tearDownMethod" finished-at="2022-06-13T23:36:41 EDT" duration-ms="894" status="PASS">
          <params>
            <param index="0">
              <value>
                <![CDATA[[TestResult name=testCase status=SUCCESS method=AmazonTest.testCase()[pri:0, instance:com.archa.amazon.testclasses.AmazonTest@2bb3058] output={null}]]]>
              </value>
            </param>
          </params>
          <reporter-output>
          </reporter-output>
        </test-method> <!-- tearDownMethod -->
        <test-method is-config="true" signature="tearDown()[pri:0, instance:com.archa.amazon.testclasses.AmazonTest@2bb3058]" started-at="2022-06-13T23:36:41 EDT" name="tearDown" finished-at="2022-06-13T23:36:41 EDT" duration-ms="569" status="PASS">
          <reporter-output>
          </reporter-output>
        </test-method> <!-- tearDown -->
      </class> <!-- com.archa.amazon.testclasses.AmazonTest -->
    </test> <!-- Default test -->
  </suite> <!-- Default suite -->
</testng-results>
